<?xml version="1.0" encoding="utf-8"?>
<?AutomationStudio Version="4.5.2.102"?>
<Objects>
  <Object
    Path="C:\Users\admin\Desktop\KRBO-02-22\Lab_2\Logical\Package.pkg"
    LogicalPath=""
    Type="Package.ParentUnknown"
    LastWriteTime="134055316658771653" />
  <Object
    Path="C:\Users\admin\Desktop\KRBO-02-22\Lab_2\Logical\Global.typ"
    LogicalPath="Global.typ"
    Type="File"
    LastWriteTime="131200402240000000"
    Private="false" />
  <Object
    Path="C:\Users\admin\Desktop\KRBO-02-22\Lab_2\Logical\Global.var"
    LogicalPath="Global.var"
    Type="File"
    LastWriteTime="134045759995079993"
    Private="false" />
  <Object
    Path="C:\Users\admin\Desktop\KRBO-02-22\Lab_2\Logical\Libraries\Package.pkg"
    LogicalPath="Libraries"
    Type="Package"
    LastWriteTime="134055316659649385" />
  <Object
    Path="C:\Users\admin\Desktop\KRBO-02-22\Lab_2\Logical\Libraries\Runtime\Binary.lby"
    LogicalPath="Libraries.Runtime"
    Type="Library"
    LastWriteTime="131091583340000000" />
  <Object
    Path="C:\Users\admin\Desktop\KRBO-02-22\Lab_2\Logical\Libraries\Runtime\runtime.fun"
    LogicalPath="Libraries.Runtime.runtime.fun"
    Type="File"
    LastWriteTime="131091583340000000"
    Private="false" />
  <Object
    Path="C:\Users\admin\Desktop\KRBO-02-22\Lab_2\Logical\Libraries\Runtime\runtime.typ"
    LogicalPath="Libraries.Runtime.runtime.typ"
    Type="File"
    LastWriteTime="131091583340000000"
    Private="false" />
  <Object
    Path="C:\Users\admin\Desktop\KRBO-02-22\Lab_2\Logical\Libraries\Runtime\runtime.var"
    LogicalPath="Libraries.Runtime.runtime.var"
    Type="File"
    LastWriteTime="131091583340000000"
    Private="false" />
  <Object
    Path="C:\Users\admin\Desktop\KRBO-02-22\Lab_2\Logical\Libraries\Operator\Binary.lby"
    LogicalPath="Libraries.Operator"
    Type="Library"
    LastWriteTime="131091583340000000" />
  <Object
    Path="C:\Users\admin\Desktop\KRBO-02-22\Lab_2\Logical\Libraries\Operator\operator.fun"
    LogicalPath="Libraries.Operator.operator.fun"
    Type="File"
    LastWriteTime="131091583340000000"
    Private="false" />
  <Object
    Path="C:\Users\admin\Desktop\KRBO-02-22\Lab_2\Logical\Libraries\Operator\operator.typ"
    LogicalPath="Libraries.Operator.operator.typ"
    Type="File"
    LastWriteTime="131091583340000000"
    Private="false" />
  <Object
    Path="C:\Users\admin\Desktop\KRBO-02-22\Lab_2\Logical\Libraries\Operator\operator.var"
    LogicalPath="Libraries.Operator.operator.var"
    Type="File"
    LastWriteTime="131091583340000000"
    Private="false" />
  <Object
    Path="C:\Users\admin\Desktop\KRBO-02-22\Lab_2\Logical\Libraries\AsIecCon\Binary.lby"
    LogicalPath="Libraries.AsIecCon"
    Type="Library"
    LastWriteTime="131091583340000000" />
  <Object
    Path="C:\Users\admin\Desktop\KRBO-02-22\Lab_2\Logical\Libraries\AsIecCon\AsIecCon.fun"
    LogicalPath="Libraries.AsIecCon.AsIecCon.fun"
    Type="File"
    LastWriteTime="131091583340000000"
    Private="false" />
  <Object
    Path="C:\Users\admin\Desktop\KRBO-02-22\Lab_2\Logical\Libraries\AsIecCon\AsIecCon.typ"
    LogicalPath="Libraries.AsIecCon.AsIecCon.typ"
    Type="File"
    LastWriteTime="131091583340000000"
    Private="false" />
  <Object
    Path="C:\Users\admin\Desktop\KRBO-02-22\Lab_2\Logical\Libraries\AsIecCon\AsIecCon.var"
    LogicalPath="Libraries.AsIecCon.AsIecCon.var"
    Type="File"
    LastWriteTime="131091583340000000"
    Private="false" />
  <Object
    Path="C:\Users\admin\Desktop\KRBO-02-22\Lab_2\Logical\Libraries\astime\Binary.lby"
    LogicalPath="Libraries.astime"
    Type="Library"
    LastWriteTime="131091583340000000" />
  <Object
    Path="C:\Users\admin\Desktop\KRBO-02-22\Lab_2\Logical\Libraries\astime\astime.fun"
    LogicalPath="Libraries.astime.astime.fun"
    Type="File"
    LastWriteTime="131091583340000000"
    Private="false" />
  <Object
    Path="C:\Users\admin\Desktop\KRBO-02-22\Lab_2\Logical\Libraries\astime\astime.typ"
    LogicalPath="Libraries.astime.astime.typ"
    Type="File"
    LastWriteTime="131091583340000000"
    Private="false" />
  <Object
    Path="C:\Users\admin\Desktop\KRBO-02-22\Lab_2\Logical\Libraries\astime\astime.var"
    LogicalPath="Libraries.astime.astime.var"
    Type="File"
    LastWriteTime="131091583340000000"
    Private="false" />
  <Object
    Path="C:\Users\admin\Desktop\KRBO-02-22\Lab_2\Logical\Libraries\sys_lib\Binary.lby"
    LogicalPath="Libraries.sys_lib"
    Type="Library"
    LastWriteTime="131194348100000000" />
  <Object
    Path="C:\Users\admin\Desktop\KRBO-02-22\Lab_2\Logical\Libraries\sys_lib\sys_lib.fun"
    LogicalPath="Libraries.sys_lib.sys_lib.fun"
    Type="File"
    LastWriteTime="131194348100000000"
    Private="false" />
  <Object
    Path="C:\Users\admin\Desktop\KRBO-02-22\Lab_2\Logical\Libraries\sys_lib\sys_lib.typ"
    LogicalPath="Libraries.sys_lib.sys_lib.typ"
    Type="File"
    LastWriteTime="131194348100000000"
    Private="false" />
  <Object
    Path="C:\Users\admin\Desktop\KRBO-02-22\Lab_2\Logical\Libraries\sys_lib\sys_lib.var"
    LogicalPath="Libraries.sys_lib.sys_lib.var"
    Type="File"
    LastWriteTime="131194348100000000"
    Private="false" />
  <Object
    Path="C:\Users\admin\Desktop\KRBO-02-22\Lab_2\Logical\Libraries\asstring\Binary.lby"
    LogicalPath="Libraries.asstring"
    Type="Library"
    LastWriteTime="131194348160000000" />
  <Object
    Path="C:\Users\admin\Desktop\KRBO-02-22\Lab_2\Logical\Libraries\asstring\asstring.fun"
    LogicalPath="Libraries.asstring.asstring.fun"
    Type="File"
    LastWriteTime="131194348160000000"
    Private="false" />
  <Object
    Path="C:\Users\admin\Desktop\KRBO-02-22\Lab_2\Logical\Libraries\asstring\asstring.typ"
    LogicalPath="Libraries.asstring.asstring.typ"
    Type="File"
    LastWriteTime="131194348160000000"
    Private="false" />
  <Object
    Path="C:\Users\admin\Desktop\KRBO-02-22\Lab_2\Logical\Libraries\asstring\asstring.var"
    LogicalPath="Libraries.asstring.asstring.var"
    Type="File"
    LastWriteTime="131194348160000000"
    Private="false" />
  <Object
    Path="C:\Users\admin\Desktop\KRBO-02-22\Lab_2\Logical\Libraries\Acp10man\Binary.lby"
    LogicalPath="Libraries.Acp10man"
    Type="Library"
    LastWriteTime="134045728690525641" />
  <Object
    Path="C:\Users\admin\Desktop\KRBO-02-22\Lab_2\Logical\Libraries\Acp10man\Acp10man.typ"
    LogicalPath="Libraries.Acp10man.Acp10man.typ"
    Type="File"
    LastWriteTime="134045728690425921"
    Private="false" />
  <Object
    Path="C:\Users\admin\Desktop\KRBO-02-22\Lab_2\Logical\Libraries\Acp10par\Binary.lby"
    LogicalPath="Libraries.Acp10par"
    Type="Library"
    LastWriteTime="134045728691521651" />
  <Object
    Path="C:\Users\admin\Desktop\KRBO-02-22\Lab_2\Logical\Libraries\Acp10par\Acp10par.var"
    LogicalPath="Libraries.Acp10par.Acp10par.var"
    Type="File"
    LastWriteTime="134045728691511985"
    Private="false" />
  <Object
    Path="C:\Users\admin\Desktop\KRBO-02-22\Lab_2\Logical\Libraries\NcGlobal\Binary.lby"
    LogicalPath="Libraries.NcGlobal"
    Type="Library"
    LastWriteTime="134045728691887674" />
  <Object
    Path="C:\Users\admin\Desktop\KRBO-02-22\Lab_2\Logical\Libraries\NcGlobal\NcGlobal.fun"
    LogicalPath="Libraries.NcGlobal.NcGlobal.fun"
    Type="File"
    LastWriteTime="134045728691797761"
    Private="false" />
  <Object
    Path="C:\Users\admin\Desktop\KRBO-02-22\Lab_2\Logical\Libraries\NcGlobal\NcGlobal.typ"
    LogicalPath="Libraries.NcGlobal.NcGlobal.typ"
    Type="File"
    LastWriteTime="134045728691817825"
    Private="false" />
  <Object
    Path="C:\Users\admin\Desktop\KRBO-02-22\Lab_2\Logical\Libraries\NcGlobal\NcGlobal.var"
    LogicalPath="Libraries.NcGlobal.NcGlobal.var"
    Type="File"
    LastWriteTime="134045728691877797"
    Private="false" />
  <Object
    Path="C:\Users\admin\Desktop\KRBO-02-22\Lab_2\Logical\Libraries\Acp10sdc\binary.lby"
    LogicalPath="Libraries.Acp10sdc"
    Type="Library"
    LastWriteTime="134045728798328186" />
  <Object
    Path="C:\Users\admin\Desktop\KRBO-02-22\Lab_2\Logical\Libraries\Acp10sdc\acp10sdc.var"
    LogicalPath="Libraries.Acp10sdc.acp10sdc.var"
    Type="File"
    LastWriteTime="134045728798218465"
    Private="false" />
  <Object
    Path="C:\Users\admin\Desktop\KRBO-02-22\Lab_2\Logical\Libraries\Acp10sdc\acp10sdc.typ"
    LogicalPath="Libraries.Acp10sdc.acp10sdc.typ"
    Type="File"
    LastWriteTime="134045728798248384"
    Private="false" />
  <Object
    Path="C:\Users\admin\Desktop\KRBO-02-22\Lab_2\Logical\Libraries\Acp10_MC\binary.lby"
    LogicalPath="Libraries.Acp10_MC"
    Type="Library"
    LastWriteTime="134045728808790750" />
  <Object
    Path="C:\Users\admin\Desktop\KRBO-02-22\Lab_2\Logical\Libraries\Acp10_MC\acp10_mc.fun"
    LogicalPath="Libraries.Acp10_MC.acp10_mc.fun"
    Type="File"
    LastWriteTime="134045728808641435"
    Private="false" />
  <Object
    Path="C:\Users\admin\Desktop\KRBO-02-22\Lab_2\Logical\Libraries\Acp10_MC\acp10_mc.typ"
    LogicalPath="Libraries.Acp10_MC.acp10_mc.typ"
    Type="File"
    LastWriteTime="134045728808710955"
    Private="false" />
  <Object
    Path="C:\Users\admin\Desktop\KRBO-02-22\Lab_2\Logical\Libraries\Acp10_MC\acp10_mc.var"
    LogicalPath="Libraries.Acp10_MC.acp10_mc.var"
    Type="File"
    LastWriteTime="134045728808781046"
    Private="false" />
  <Object
    Path="C:\Users\admin\Desktop\KRBO-02-22\Lab_2\Logical\Libraries\brsystem\binary.lby"
    LogicalPath="Libraries.brsystem"
    Type="Library"
    LastWriteTime="134045728809373625" />
  <Object
    Path="C:\Users\admin\Desktop\KRBO-02-22\Lab_2\Logical\Libraries\brsystem\brsystem.fun"
    LogicalPath="Libraries.brsystem.brsystem.fun"
    Type="File"
    LastWriteTime="134045728809262650"
    Private="false" />
  <Object
    Path="C:\Users\admin\Desktop\KRBO-02-22\Lab_2\Logical\Libraries\brsystem\brsystem.typ"
    LogicalPath="Libraries.brsystem.brsystem.typ"
    Type="File"
    LastWriteTime="134045728809282602"
    Private="false" />
  <Object
    Path="C:\Users\admin\Desktop\KRBO-02-22\Lab_2\Logical\Libraries\brsystem\brsystem.var"
    LogicalPath="Libraries.brsystem.brsystem.var"
    Type="File"
    LastWriteTime="134045728809292849"
    Private="false" />
  <Object
    Path="C:\Users\admin\Desktop\KRBO-02-22\Lab_2\Logical\Libraries\AsBrStr\binary.lby"
    LogicalPath="Libraries.AsBrStr"
    Type="Library"
    LastWriteTime="134045728822828659" />
  <Object
    Path="C:\Users\admin\Desktop\KRBO-02-22\Lab_2\Logical\Libraries\AsBrStr\AsBrStr.fun"
    LogicalPath="Libraries.AsBrStr.AsBrStr.fun"
    Type="File"
    LastWriteTime="134045728822728649"
    Private="false" />
  <Object
    Path="C:\Users\admin\Desktop\KRBO-02-22\Lab_2\Logical\Libraries\AsBrStr\AsBrStr.typ"
    LogicalPath="Libraries.AsBrStr.AsBrStr.typ"
    Type="File"
    LastWriteTime="134045728822738618"
    Private="false" />
  <Object
    Path="C:\Users\admin\Desktop\KRBO-02-22\Lab_2\Logical\Libraries\AsBrStr\AsBrStr.var"
    LogicalPath="Libraries.AsBrStr.AsBrStr.var"
    Type="File"
    LastWriteTime="134045728822758569"
    Private="false" />
  <Object
    Path="C:\Users\admin\Desktop\KRBO-02-22\Lab_2\Logical\Libraries\DriveLib\ANSIC.lby"
    LogicalPath="Libraries.DriveLib"
    Type="Library"
    LastWriteTime="134057808547218994" />
  <Object
    Path="C:\Users\admin\Desktop\KRBO-02-22\Lab_2\Logical\Libraries\DriveLib\Types.typ"
    LogicalPath="Libraries.DriveLib.Types.typ"
    Type="File"
    LastWriteTime="134061196371974710"
    Private="false" />
  <Object
    Path="C:\Users\admin\Desktop\KRBO-02-22\Lab_2\Logical\Libraries\DriveLib\Constants.var"
    LogicalPath="Libraries.DriveLib.Constants.var"
    Type="File"
    LastWriteTime="134055316659270165"
    Private="false" />
  <Object
    Path="C:\Users\admin\Desktop\KRBO-02-22\Lab_2\Logical\Libraries\DriveLib\DriveLib.fun"
    LogicalPath="Libraries.DriveLib.DriveLib.fun"
    Type="File"
    LastWriteTime="134055316659289992"
    Private="false" />
  <Object
    Path="C:\Users\admin\Desktop\KRBO-02-22\Lab_2\Logical\Libraries\DriveLib\DriveStateMashine.c"
    LogicalPath="Libraries.DriveLib.DriveStateMashine.c"
    Type="File"
    LastWriteTime="134061190195365104"
    Private="false" />
  <Object
    Path="C:\Users\admin\Desktop\KRBO-02-22\Lab_2\Logical\Libraries\DriveLib\DoorStateMashine.c"
    LogicalPath="Libraries.DriveLib.DoorStateMashine.c"
    Type="File"
    LastWriteTime="134061329587953079"
    Private="false" />
  <Object
    Path="C:\Users\admin\Desktop\KRBO-02-22\Lab_2\Logical\Libraries\DriveLib\LedStateMashine.c"
    LogicalPath="Libraries.DriveLib.LedStateMashine.c"
    Type="File"
    LastWriteTime="134061326108591859"
    Private="false" />
  <Object
    Path="C:\Users\admin\Desktop\KRBO-02-22\Lab_2\Logical\ncsdcctrl\IEC.prg"
    LogicalPath="ncsdcctrl"
    Type="Program"
    LastWriteTime="134045728670891989" />
  <Object
    Path="C:\Users\admin\Desktop\KRBO-02-22\Lab_2\Logical\ncsdcctrl\ncsdcctrlCyclic.st"
    LogicalPath="ncsdcctrl.ncsdcctrlCyclic.st"
    Type="File"
    LastWriteTime="134045728676995951"
    Private="false" />
  <Object
    Path="C:\Users\admin\Desktop\KRBO-02-22\Lab_2\Logical\ncsdcctrl\ncsdcctrlInit.st"
    LogicalPath="ncsdcctrl.ncsdcctrlInit.st"
    Type="File"
    LastWriteTime="134045728676975717"
    Private="false" />
  <Object
    Path="C:\Users\admin\Desktop\KRBO-02-22\Lab_2\Logical\ncsdcctrl\ncsdcctrl.typ"
    LogicalPath="ncsdcctrl.ncsdcctrl.typ"
    Type="File"
    LastWriteTime="134045728676926133"
    Private="true" />
  <Object
    Path="C:\Users\admin\Desktop\KRBO-02-22\Lab_2\Logical\ncsdcctrl\ncsdcctrl.var"
    LogicalPath="ncsdcctrl.ncsdcctrl.var"
    Type="File"
    LastWriteTime="134045728676936074"
    Private="true" />
  <Object
    Path="C:\Users\admin\Desktop\KRBO-02-22\Lab_2\Logical\acp10etxen\Ett.dob"
    LogicalPath="acp10etxen"
    Type="DataObject"
    LastWriteTime="134045728788314948" />
  <Object
    Path="C:\Users\admin\Desktop\KRBO-02-22\Lab_2\Logical\acp10etxen\acp10etxen.ett"
    LogicalPath="acp10etxen.acp10etxen.ett"
    Type="File"
    LastWriteTime="134045728789053252"
    Private="false" />
  <Object
    Path="C:\Users\admin\Desktop\KRBO-02-22\Lab_2\Logical\gAxis01obj\Package.pkg"
    LogicalPath="gAxis01obj"
    Type="Package"
    LastWriteTime="134045728835591893" />
  <Object
    Path="C:\Users\admin\Desktop\KRBO-02-22\Lab_2\Logical\gAxis01obj\gAxis01a\Apt.dob"
    LogicalPath="gAxis01obj.gAxis01a"
    Type="DataObject"
    LastWriteTime="134045728829046753" />
  <Object
    Path="C:\Users\admin\Desktop\KRBO-02-22\Lab_2\Logical\gAxis01obj\gAxis01a\gAxis01a.apt"
    LogicalPath="gAxis01obj.gAxis01a.gAxis01a.apt"
    Type="File"
    LastWriteTime="134045728829223212"
    Private="false" />
  <Object
    Path="C:\Users\admin\Desktop\KRBO-02-22\Lab_2\Logical\gAxis01obj\gAxis01i\Ax.dob"
    LogicalPath="gAxis01obj.gAxis01i"
    Type="DataObject"
    LastWriteTime="134045728832310667" />
  <Object
    Path="C:\Users\admin\Desktop\KRBO-02-22\Lab_2\Logical\gAxis01obj\gAxis01i\gAxis01i.ax"
    LogicalPath="gAxis01obj.gAxis01i.gAxis01i.ax"
    Type="File"
    LastWriteTime="134045728835442295"
    Private="false" />
  <Object
    Path="C:\Users\admin\Desktop\KRBO-02-22\Lab_2\Logical\Program\ANSIC.prg"
    LogicalPath="Program"
    Type="Program"
    LastWriteTime="134045730195960352" />
  <Object
    Path="C:\Users\admin\Desktop\KRBO-02-22\Lab_2\Logical\Program\Cyclic.c"
    LogicalPath="Program.Cyclic.c"
    Type="File"
    LastWriteTime="134057802888238985"
    Private="false" />
  <Object
    Path="C:\Users\admin\Desktop\KRBO-02-22\Lab_2\Logical\Program\Init.c"
    LogicalPath="Program.Init.c"
    Type="File"
    LastWriteTime="134061243407936152"
    Private="false" />
  <Object
    Path="C:\Users\admin\Desktop\KRBO-02-22\Lab_2\Logical\Program\Exit.c"
    LogicalPath="Program.Exit.c"
    Type="File"
    LastWriteTime="134045730195900577"
    Private="false" />
  <Object
    Path="C:\Users\admin\Desktop\KRBO-02-22\Lab_2\Logical\Program\Types.typ"
    LogicalPath="Program.Types.typ"
    Type="File"
    LastWriteTime="134045730195930221"
    Private="true" />
  <Object
    Path="C:\Users\admin\Desktop\KRBO-02-22\Lab_2\Logical\Program\Variables.var"
    LogicalPath="Program.Variables.var"
    Type="File"
    LastWriteTime="134045730195950157"
    Private="true" />
  <Object
    Path="C:\Users\admin\Desktop\KRBO-02-22\Lab_2\Physical\MainConfig\Config.pkg"
    LogicalPath="MainConfig"
    Type="Configuration.ParentUnknown"
    LastWriteTime="131194339020000000" />
  <Object
    Path="C:\Users\admin\Desktop\KRBO-02-22\Lab_2\Physical\MainConfig\Hardware.hw"
    LogicalPath="MainConfig.Hardware.hw"
    Type="File"
    LastWriteTime="134055267521256427"
    Private="false" />
  <Object
    Path="C:\Users\admin\Desktop\KRBO-02-22\Lab_2\Physical\MainConfig\Hardware.hwl"
    LogicalPath="MainConfig.Hardware.hwl"
    Type="File"
    LastWriteTime="134045803004544387"
    Private="false" />
  <Object
    Path="C:\Users\admin\Desktop\KRBO-02-22\Lab_2\Physical\MainConfig\4PP065_0571_P74\Cpu.pkg"
    LogicalPath="MainConfig.4PP065_0571_P74"
    Type="Cpu"
    LastWriteTime="134045802403478230" />
  <Object
    Path="C:\Users\admin\Desktop\KRBO-02-22\Lab_2\Physical\MainConfig\4PP065_0571_P74\Cpu.sw"
    LogicalPath="MainConfig.4PP065_0571_P74.Cpu.sw"
    Type="File"
    LastWriteTime="134061239706577838"
    Private="false" />
  <Object
    Path="C:\Users\admin\Desktop\KRBO-02-22\Lab_2\Physical\MainConfig\4PP065_0571_P74\Cpu.per"
    LogicalPath="MainConfig.4PP065_0571_P74.Cpu.per"
    Type="File"
    LastWriteTime="131194339000000000"
    Private="false" />
  <Object
    Path="C:\Users\admin\Desktop\KRBO-02-22\Lab_2\Physical\MainConfig\4PP065_0571_P74\IoMap.iom"
    LogicalPath="MainConfig.4PP065_0571_P74.IoMap.iom"
    Type="File"
    LastWriteTime="134061225190997919"
    Private="false" />
  <Object
    Path="C:\Users\admin\Desktop\KRBO-02-22\Lab_2\Physical\MainConfig\4PP065_0571_P74\PvMap.vvm"
    LogicalPath="MainConfig.4PP065_0571_P74.PvMap.vvm"
    Type="File"
    LastWriteTime="131194339000000000"
    Private="false" />
  <Object
    Path="C:\Users\admin\Desktop\KRBO-02-22\Lab_2\Physical\MainConfig\4PP065_0571_P74\mapp\Package.pkg"
    LogicalPath="MainConfig.4PP065_0571_P74.mapp"
    Type="Package"
    LastWriteTime="131194339000000000" />
  <Object
    Path="C:\Users\admin\Desktop\KRBO-02-22\Lab_2\Physical\MainConfig\4PP065_0571_P74\Connectivity\Package.pkg"
    LogicalPath="MainConfig.4PP065_0571_P74.Connectivity"
    Type="Package"
    LastWriteTime="131194339000000000" />
  <Object
    Path="C:\Users\admin\Desktop\KRBO-02-22\Lab_2\Physical\MainConfig\4PP065_0571_P74\Connectivity\OpcUA\Package.pkg"
    LogicalPath="MainConfig.4PP065_0571_P74.Connectivity.OpcUA"
    Type="Package"
    LastWriteTime="131194339000000000" />
  <Object
    Path="C:\Users\admin\Desktop\KRBO-02-22\Lab_2\Physical\MainConfig\4PP065_0571_P74\TextSystem\Package.pkg"
    LogicalPath="MainConfig.4PP065_0571_P74.TextSystem"
    Type="Package"
    LastWriteTime="131194339000000000" />
  <Object
    Path="C:\Users\admin\Desktop\KRBO-02-22\Lab_2\Physical\MainConfig\4PP065_0571_P74\AccessAndSecurity\Package.pkg"
    LogicalPath="MainConfig.4PP065_0571_P74.AccessAndSecurity"
    Type="Package"
    LastWriteTime="131194339000000000" />
  <Object
    Path="C:\Users\admin\Desktop\KRBO-02-22\Lab_2\Physical\MainConfig\4PP065_0571_P74\AccessAndSecurity\UserRoleSystem\Package.pkg"
    LogicalPath="MainConfig.4PP065_0571_P74.AccessAndSecurity.UserRoleSystem"
    Type="Package"
    LastWriteTime="131194339000000000" />
  <Object
    Path="C:\Users\admin\Desktop\KRBO-02-22\Lab_2\Physical\MainConfig\4PP065_0571_P74\AccessAndSecurity\UserRoleSystem\Role.role"
    LogicalPath="MainConfig.4PP065_0571_P74.AccessAndSecurity.UserRoleSystem.Role.role"
    Type="File"
    LastWriteTime="131194339000000000"
    Private="false" />
  <Object
    Path="C:\Users\admin\Desktop\KRBO-02-22\Lab_2\Physical\MainConfig\4PP065_0571_P74\AccessAndSecurity\UserRoleSystem\User.user"
    LogicalPath="MainConfig.4PP065_0571_P74.AccessAndSecurity.UserRoleSystem.User.user"
    Type="File"
    LastWriteTime="131194339000000000"
    Private="false" />
  <Object
    Path="C:\Users\admin\Desktop\KRBO-02-22\Lab_2\Physical\MainConfig\4PP065_0571_P74\AccessAndSecurity\CertificateStore\Package.pkg"
    LogicalPath="MainConfig.4PP065_0571_P74.AccessAndSecurity.CertificateStore"
    Type="Package"
    LastWriteTime="131194339000000000" />
  <Object
    Path="C:\Users\admin\Desktop\KRBO-02-22\Lab_2\Physical\MainConfig\4PP065_0571_P74\AccessAndSecurity\CertificateStore\OwnCertificates\Package.pkg"
    LogicalPath="MainConfig.4PP065_0571_P74.AccessAndSecurity.CertificateStore.OwnCertificates"
    Type="Package"
    LastWriteTime="131194339000000000" />
  <Object
    Path="C:\Users\admin\Desktop\KRBO-02-22\Lab_2\Physical\MainConfig\4PP065_0571_P74\AccessAndSecurity\CertificateStore\OwnCertificates\Certificates\Package.pkg"
    LogicalPath="MainConfig.4PP065_0571_P74.AccessAndSecurity.CertificateStore.OwnCertificates.Certificates"
    Type="Package"
    LastWriteTime="131194339000000000" />
  <Object
    Path="C:\Users\admin\Desktop\KRBO-02-22\Lab_2\Physical\MainConfig\4PP065_0571_P74\AccessAndSecurity\CertificateStore\OwnCertificates\PrivateKeys\Package.pkg"
    LogicalPath="MainConfig.4PP065_0571_P74.AccessAndSecurity.CertificateStore.OwnCertificates.PrivateKeys"
    Type="Package"
    LastWriteTime="131194339000000000" />
  <Object
    Path="C:\Users\admin\Desktop\KRBO-02-22\Lab_2\Physical\MainConfig\4PP065_0571_P74\AccessAndSecurity\CertificateStore\ThirdPartyCertificates\Package.pkg"
    LogicalPath="MainConfig.4PP065_0571_P74.AccessAndSecurity.CertificateStore.ThirdPartyCertificates"
    Type="Package"
    LastWriteTime="131194339000000000" />
  <Object
    Path="C:\Users\admin\Desktop\KRBO-02-22\Lab_2\Physical\MainConfig\4PP065_0571_P74\AccessAndSecurity\CertificateStore\ThirdPartyCertificates\SoftwareCertificates\Package.pkg"
    LogicalPath="MainConfig.4PP065_0571_P74.AccessAndSecurity.CertificateStore.ThirdPartyCertificates.SoftwareCertificates"
    Type="Package"
    LastWriteTime="131194339000000000" />
  <Object
    Path="C:\Users\admin\Desktop\KRBO-02-22\Lab_2\Physical\MainConfig\4PP065_0571_P74\AccessAndSecurity\CertificateStore\CertificateRevocationLists\Package.pkg"
    LogicalPath="MainConfig.4PP065_0571_P74.AccessAndSecurity.CertificateStore.CertificateRevocationLists"
    Type="Package"
    LastWriteTime="131194339000000000" />
  <Object
    Path="C:\Users\admin\Desktop\KRBO-02-22\Lab_2\Physical\MainConfig\4PP065_0571_P74\AccessAndSecurity\CertificateStore\CertificateSigningRequests\Package.pkg"
    LogicalPath="MainConfig.4PP065_0571_P74.AccessAndSecurity.CertificateStore.CertificateSigningRequests"
    Type="Package"
    LastWriteTime="131194339000000000" />
  <Object
    Path="C:\Users\admin\Desktop\KRBO-02-22\Lab_2\Physical\MainConfig\4PP065_0571_P74\AccessAndSecurity\TransportLayerSecurity\Package.pkg"
    LogicalPath="MainConfig.4PP065_0571_P74.AccessAndSecurity.TransportLayerSecurity"
    Type="Package"
    LastWriteTime="131194339000000000" />
  <Object
    Path="C:\Users\admin\Desktop\KRBO-02-22\Lab_2\Physical\MainConfig\4PP065_0571_P74\Motion\Package.pkg"
    LogicalPath="MainConfig.4PP065_0571_P74.Motion"
    Type="Package"
    LastWriteTime="134045728698402396" />
  <Object
    Path="C:\Users\admin\Desktop\KRBO-02-22\Lab_2\Physical\MainConfig\4PP065_0571_P74\Motion\Acp10map.ncm"
    LogicalPath="MainConfig.4PP065_0571_P74.Motion.Acp10map.ncm"
    Type="File"
    LastWriteTime="134045728785711707"
    Private="false" />
  <Object
    Path="C:\Users\admin\Desktop\KRBO-02-22\Lab_2\Physical\MainConfig\4PP065_0571_P74\Motion\Acp10cfg.ncc"
    LogicalPath="MainConfig.4PP065_0571_P74.Motion.Acp10cfg.ncc"
    Type="File"
    LastWriteTime="134045728788156111"
    Private="false" />
  <Object
    Path="C:\Users\admin\Desktop\KRBO-02-22\Lab_2\Physical\MainConfig\4PP065_0571_P74\Motion\Acp10sys.br"
    LogicalPath="MainConfig.4PP065_0571_P74.Motion.Acp10sys.br"
    Type="File"
    LastWriteTime="134045728700466874"
    Private="false" />
  <Object
    Path="C:\Users\admin\Desktop\KRBO-02-22\Lab_2\Physical\MainConfig\Hardware.jpg"
    LogicalPath="MainConfig.Hardware.jpg"
    Type="File"
    LastWriteTime="134061342153552991"
    Private="false" />
</Objects>